<?xml version="1.0" encoding="UTF-8"?>
<!-- Generated by org.testng.reporters.JUnitXMLReporter -->
<testsuite hostname="THP_ManojJ" failures="0" tests="2" name="RandR" time="9.675" errors="0" timestamp="24 Apr 2023 11:09:06 GMT">
  <testcase classname="RegressionSuit.VerifyPageRandR" name="@BeforeMethod launchMyConnectTing" time="0.0">
    <failure type="org.openqa.selenium.InvalidSelectorException" message="invalid selector: Unable to locate an element with the xpath expression (//span[text()=&amp;apos;R&amp;amp;R&amp;apos;][1] because of the following error:
SyntaxError: Failed to execute &amp;apos;evaluate&amp;apos; on &amp;apos;Document&amp;apos;: The string &amp;apos;(//span[text()=&amp;apos;R&amp;amp;R&amp;apos;][1]&amp;apos; is not a valid XPath expression.
  (Session info: chrome=112.0.5615.138)
For documentation on this error, please visit: https://www.seleniumhq.org/exceptions/invalid_selector_exception.html
Build info: version: &amp;apos;3.141.59&amp;apos;, revision: &amp;apos;e82be7d358&amp;apos;, time: &amp;apos;2018-11-14T08:17:03&amp;apos;
System info: host: &amp;apos;THP_MANOJJ&amp;apos;, ip: &amp;apos;192.168.1.100&amp;apos;, os.name: &amp;apos;Windows 10&amp;apos;, os.arch: &amp;apos;amd64&amp;apos;, os.version: &amp;apos;10.0&amp;apos;, java.version: &amp;apos;17.0.6&amp;apos;
Driver info: org.openqa.selenium.chrome.ChromeDriver
Capabilities {acceptInsecureCerts: false, browserName: chrome, browserVersion: 112.0.5615.138, chrome: {chromedriverVersion: 112.0.5615.49 (bd2a7bcb881c..., userDataDir: C:\Users\THP\AppData\Local\...}, goog:chromeOptions: {debuggerAddress: localhost:50677}, javascriptEnabled: true, networkConnectionEnabled: false, pageLoadStrategy: normal, platform: WINDOWS, platformName: WINDOWS, proxy: Proxy(), setWindowRect: true, strictFileInteractability: false, timeouts: {implicit: 0, pageLoad: 300000, script: 30000}, unhandledPromptBehavior: dismiss and notify, webauthn:extension:credBlob: true, webauthn:extension:largeBlob: true, webauthn:extension:minPinLength: true, webauthn:extension:prf: true, webauthn:virtualAuthenticators: true}
Session ID: 6cd34c3419296378fb8c94763b7f0f03
*** Element info: {Using=xpath, value=(//span[text()=&amp;apos;R&amp;amp;R&amp;apos;][1]}">
      <![CDATA[org.openqa.selenium.InvalidSelectorException: invalid selector: Unable to locate an element with the xpath expression (//span[text()='R&R'][1] because of the following error:
SyntaxError: Failed to execute 'evaluate' on 'Document': The string '(//span[text()='R&R'][1]' is not a valid XPath expression.
  (Session info: chrome=112.0.5615.138)
For documentation on this error, please visit: https://www.seleniumhq.org/exceptions/invalid_selector_exception.html
Build info: version: '3.141.59', revision: 'e82be7d358', time: '2018-11-14T08:17:03'
System info: host: 'THP_MANOJJ', ip: '192.168.1.100', os.name: 'Windows 10', os.arch: 'amd64', os.version: '10.0', java.version: '17.0.6'
Driver info: org.openqa.selenium.chrome.ChromeDriver
Capabilities {acceptInsecureCerts: false, browserName: chrome, browserVersion: 112.0.5615.138, chrome: {chromedriverVersion: 112.0.5615.49 (bd2a7bcb881c..., userDataDir: C:\Users\THP\AppData\Local\...}, goog:chromeOptions: {debuggerAddress: localhost:50677}, javascriptEnabled: true, networkConnectionEnabled: false, pageLoadStrategy: normal, platform: WINDOWS, platformName: WINDOWS, proxy: Proxy(), setWindowRect: true, strictFileInteractability: false, timeouts: {implicit: 0, pageLoad: 300000, script: 30000}, unhandledPromptBehavior: dismiss and notify, webauthn:extension:credBlob: true, webauthn:extension:largeBlob: true, webauthn:extension:minPinLength: true, webauthn:extension:prf: true, webauthn:virtualAuthenticators: true}
Session ID: 6cd34c3419296378fb8c94763b7f0f03
*** Element info: {Using=xpath, value=(//span[text()='R&R'][1]}
	at org.openqa.selenium.remote.http.W3CHttpResponseCodec.createException(W3CHttpResponseCodec.java:187)
	at org.openqa.selenium.remote.http.W3CHttpResponseCodec.decode(W3CHttpResponseCodec.java:122)
	at org.openqa.selenium.remote.http.W3CHttpResponseCodec.decode(W3CHttpResponseCodec.java:49)
	at org.openqa.selenium.remote.HttpCommandExecutor.execute(HttpCommandExecutor.java:158)
	at org.openqa.selenium.remote.service.DriverCommandExecutor.execute(DriverCommandExecutor.java:83)
	at org.openqa.selenium.remote.RemoteWebDriver.execute(RemoteWebDriver.java:552)
	at org.openqa.selenium.remote.RemoteWebDriver.findElement(RemoteWebDriver.java:323)
	at org.openqa.selenium.remote.RemoteWebDriver.findElementByXPath(RemoteWebDriver.java:428)
	at org.openqa.selenium.By$ByXPath.findElement(By.java:353)
	at org.openqa.selenium.remote.RemoteWebDriver.findElement(RemoteWebDriver.java:315)
	at org.openqa.selenium.support.pagefactory.DefaultElementLocator.findElement(DefaultElementLocator.java:69)
	at org.openqa.selenium.support.pagefactory.internal.LocatingElementHandler.invoke(LocatingElementHandler.java:38)
	at jdk.proxy2/jdk.proxy2.$Proxy13.click(Unknown Source)
	at com.automation.pageObjectModel.RAndRAwardPage.clickRAndRButton(RAndRAwardPage.java:41)
	at RegressionSuit.VerifyPageRandR.launchMyConnectTing(VerifyPageRandR.java:45)
... Removed 31 stack frames]]>
    </failure>
  </testcase> <!-- @BeforeMethod launchMyConnectTing -->
  <testcase classname="RegressionSuit.VerifyPageRandR" name="@AfterMethod goToMainPage" time="0.0">
    <skipped/>
  </testcase> <!-- @AfterMethod goToMainPage -->
  <testcase classname="RegressionSuit.VerifyPageRandR" name="@BeforeMethod launchMyConnectTing" time="0.0">
    <skipped/>
  </testcase> <!-- @BeforeMethod launchMyConnectTing -->
  <testcase classname="RegressionSuit.VerifyPageRandR" name="@AfterMethod goToMainPage" time="0.0">
    <skipped/>
  </testcase> <!-- @AfterMethod goToMainPage -->
  <testcase classname="RegressionSuit.VerifyPageRandR" name="verifyAnnouncementAndUpcommingEvent" time="0.0">
    <skipped/>
  </testcase> <!-- verifyAnnouncementAndUpcommingEvent -->
  <testcase classname="RegressionSuit.VerifyPageRandR" name="verifyCommentInCommentbar" time="0.0">
    <skipped/>
  </testcase> <!-- verifyCommentInCommentbar -->
</testsuite> <!-- RandR -->
