<?xml version="1.0" encoding="UTF-8"?>
<!-- Generated by org.testng.reporters.JUnitXMLReporter -->
<testsuite hostname="THP_ManojJ" failures="6" tests="7" name="VerifyEvents" time="72.227" errors="0" timestamp="19 May 2023 05:42:49 GMT">
  <testcase classname="RegressionSuit.VerifyEvents" name="verifyEvents" time="0.002">
    <failure type="java.lang.Error" message="Unresolved compilation problems: 
	ExpectedConditions cannot be resolved
	ExpectedConditions cannot be resolved
	Actions cannot be resolved to a type
	Actions cannot be resolved to a type
	Actions cannot be resolved to a type
	Actions cannot be resolved to a type
	Actions cannot be resolved to a type
	Actions cannot be resolved to a type
	JavascriptExecutor cannot be resolved to a type
	JavascriptExecutor cannot be resolved to a type
	Actions cannot be resolved to a type
	Actions cannot be resolved to a type
	Actions cannot be resolved to a type
	Actions cannot be resolved to a type
	Actions cannot be resolved to a type
	Actions cannot be resolved to a type
	Actions cannot be resolved to a type
	Actions cannot be resolved to a type
	Actions cannot be resolved to a type
	Actions cannot be resolved to a type
">
      <![CDATA[java.lang.Error: Unresolved compilation problems: 
	ExpectedConditions cannot be resolved
	ExpectedConditions cannot be resolved
	Actions cannot be resolved to a type
	Actions cannot be resolved to a type
	Actions cannot be resolved to a type
	Actions cannot be resolved to a type
	Actions cannot be resolved to a type
	Actions cannot be resolved to a type
	JavascriptExecutor cannot be resolved to a type
	JavascriptExecutor cannot be resolved to a type
	Actions cannot be resolved to a type
	Actions cannot be resolved to a type
	Actions cannot be resolved to a type
	Actions cannot be resolved to a type
	Actions cannot be resolved to a type
	Actions cannot be resolved to a type
	Actions cannot be resolved to a type
	Actions cannot be resolved to a type
	Actions cannot be resolved to a type
	Actions cannot be resolved to a type

	at RegressionSuit.VerifyEvents.verifyEvents(VerifyEvents.java:58)
... Removed 24 stack frames]]>
    </failure>
  </testcase> <!-- verifyEvents -->
  <testcase classname="RegressionSuit.VerifyEvents" name="verifyAnnouncement" time="0.001">
    <failure type="java.lang.Error" message="Unresolved compilation problems: 
	ExpectedConditions cannot be resolved
	ExpectedConditions cannot be resolved
	ExpectedConditions cannot be resolved
	ExpectedConditions cannot be resolved
	ExpectedConditions cannot be resolved
">
      <![CDATA[java.lang.Error: Unresolved compilation problems: 
	ExpectedConditions cannot be resolved
	ExpectedConditions cannot be resolved
	ExpectedConditions cannot be resolved
	ExpectedConditions cannot be resolved
	ExpectedConditions cannot be resolved

	at RegressionSuit.VerifyEvents.verifyAnnouncement(VerifyEvents.java:108)
... Removed 24 stack frames]]>
    </failure>
  </testcase> <!-- verifyAnnouncement -->
  <testcase classname="RegressionSuit.VerifyEvents" name="verifyUpcomingEvents" time="0.0">
    <failure type="java.lang.Error" message="Unresolved compilation problems: 
	ExpectedConditions cannot be resolved
	ExpectedConditions cannot be resolved
">
      <![CDATA[java.lang.Error: Unresolved compilation problems: 
	ExpectedConditions cannot be resolved
	ExpectedConditions cannot be resolved

	at RegressionSuit.VerifyEvents.verifyUpcomingEvents(VerifyEvents.java:140)
... Removed 24 stack frames]]>
    </failure>
  </testcase> <!-- verifyUpcomingEvents -->
  <testcase classname="RegressionSuit.VerifyEvents" name="CommentWithReaction" time="0.0">
    <failure type="java.lang.Error" message="Unresolved compilation problems: 
	ExpectedConditions cannot be resolved
	JavascriptExecutor cannot be resolved to a type
	JavascriptExecutor cannot be resolved to a type
	Actions cannot be resolved to a type
	Actions cannot be resolved to a type
	ExpectedConditions cannot be resolved
">
      <![CDATA[java.lang.Error: Unresolved compilation problems: 
	ExpectedConditions cannot be resolved
	JavascriptExecutor cannot be resolved to a type
	JavascriptExecutor cannot be resolved to a type
	Actions cannot be resolved to a type
	Actions cannot be resolved to a type
	ExpectedConditions cannot be resolved

	at RegressionSuit.VerifyEvents.CommentWithReaction(VerifyEvents.java:153)
... Removed 24 stack frames]]>
    </failure>
  </testcase> <!-- CommentWithReaction -->
  <testcase classname="RegressionSuit.VerifyEvents" name="verifypreSavepost" time="0.001">
    <failure type="java.lang.Error" message="Unresolved compilation problems: 
	ExpectedConditions cannot be resolved
	ExpectedConditions cannot be resolved
">
      <![CDATA[java.lang.Error: Unresolved compilation problems: 
	ExpectedConditions cannot be resolved
	ExpectedConditions cannot be resolved

	at RegressionSuit.VerifyEvents.verifypreSavepost(VerifyEvents.java:172)
... Removed 24 stack frames]]>
    </failure>
  </testcase> <!-- verifypreSavepost -->
  <testcase classname="RegressionSuit.VerifyEvents" name="verifyCopylink" time="0.003">
    <failure type="java.lang.Error" message="Unresolved compilation problems: 
	ExpectedConditions cannot be resolved
	ExpectedConditions cannot be resolved
	ExpectedConditions cannot be resolved
">
      <![CDATA[java.lang.Error: Unresolved compilation problems: 
	ExpectedConditions cannot be resolved
	ExpectedConditions cannot be resolved
	ExpectedConditions cannot be resolved

	at RegressionSuit.VerifyEvents.verifyCopylink(VerifyEvents.java:187)
... Removed 24 stack frames]]>
    </failure>
  </testcase> <!-- verifyCopylink -->
  <testcase classname="RegressionSuit.VerifyEvents" name="testCommentcount" time="3.075"/>
</testsuite> <!-- VerifyEvents -->
